[35m[1mConsolidate compiler generated dependencies of target jackal_msgs__rosidl_generator_c[0m
[  1%] Built target jackal_msgs__cpp
[ 12%] Built target jackal_msgs__rosidl_generator_c
failed to create symbolic link '/home/arpg/jackal_ws/build/jackal_msgs/ament_cmake_python/jackal_msgs/jackal_msgs' because existing path cannot be removed: Is a directory
gmake[2]: *** [CMakeFiles/ament_cmake_python_symlink_jackal_msgs.dir/build.make:70: CMakeFiles/ament_cmake_python_symlink_jackal_msgs] Error 1
gmake[1]: *** [CMakeFiles/Makefile2:421: CMakeFiles/ament_cmake_python_symlink_jackal_msgs.dir/all] Error 2
gmake[1]: *** Waiting for unfinished jobs....
[35m[1mConsolidate compiler generated dependencies of target jackal_msgs__rosidl_typesupport_cpp[0m
[35m[1mConsolidate compiler generated dependencies of target jackal_msgs__rosidl_typesupport_introspection_cpp[0m
[35m[1mConsolidate compiler generated dependencies of target jackal_msgs__rosidl_typesupport_fastrtps_cpp[0m
[35m[1mConsolidate compiler generated dependencies of target jackal_msgs__rosidl_typesupport_fastrtps_c[0m
[ 24%] Built target jackal_msgs__rosidl_typesupport_cpp
[ 35%] Built target jackal_msgs__rosidl_typesupport_introspection_cpp
[ 46%] Built target jackal_msgs__rosidl_typesupport_fastrtps_cpp
[ 58%] Built target jackal_msgs__rosidl_typesupport_fastrtps_c
gmake: *** [Makefile:146: all] Error 2
