[  2%] Built target micro_ros_msgs__cpp
[ 12%] Built target micro_ros_msgs__rosidl_generator_c
failed to create symbolic link '/home/arpg/jackal_ws/build/micro_ros_msgs/ament_cmake_python/micro_ros_msgs/micro_ros_msgs' because existing path cannot be removed: Is a directory
gmake[2]: *** [CMakeFiles/ament_cmake_python_symlink_micro_ros_msgs.dir/build.make:70: CMakeFiles/ament_cmake_python_symlink_micro_ros_msgs] Error 1
gmake[1]: *** [CMakeFiles/Makefile2:421: CMakeFiles/ament_cmake_python_symlink_micro_ros_msgs.dir/all] Error 2
gmake[1]: *** Waiting for unfinished jobs....
[35m[1mConsolidate compiler generated dependencies of target micro_ros_msgs__rosidl_typesupport_cpp[0m
[35m[1mConsolidate compiler generated dependencies of target micro_ros_msgs__rosidl_typesupport_introspection_cpp[0m
[35m[1mConsolidate compiler generated dependencies of target micro_ros_msgs__rosidl_typesupport_fastrtps_cpp[0m
[35m[1mConsolidate compiler generated dependencies of target micro_ros_msgs__rosidl_typesupport_c[0m
[35m[1mConsolidate compiler generated dependencies of target micro_ros_msgs__rosidl_typesupport_fastrtps_c[0m
[35m[1mConsolidate compiler generated dependencies of target micro_ros_msgs__rosidl_typesupport_introspection_c[0m
[ 23%] Built target micro_ros_msgs__rosidl_typesupport_introspection_cpp
[ 34%] Built target micro_ros_msgs__rosidl_typesupport_cpp
[ 44%] Built target micro_ros_msgs__rosidl_typesupport_introspection_c
[ 57%] Built target micro_ros_msgs__rosidl_typesupport_fastrtps_c
[ 65%] Built target micro_ros_msgs__rosidl_typesupport_c
[ 76%] Built target micro_ros_msgs__rosidl_typesupport_fastrtps_cpp
gmake: *** [Makefile:146: all] Error 2
